<?xml version="1.0" encoding="UTF-8"?>
<!-- Generated by org.testng.reporters.JUnitXMLReporter -->
<testsuite ignored="0" hostname="NDI-LAP-108" failures="0" tests="6" name="Default test" time="12.175" errors="0" timestamp="2022-02-02T20:10:43 IST">
  <testcase classname="testCases.TestCases" name="Impl" time="0.009"/>
  <testcase classname="testCases.TestCases" name="testCase1_login" time="6.238"/>
  <testcase classname="testCases.TestCases" name="testCase2_Add_one_item_to_cart" time="0.061"/>
  <testcase classname="testCases.TestCases" name="testCase3_Go_to_cart_and_verify_the_item" time="0.093"/>
  <testcase classname="testCases.TestCases" name="testCase4_fill_form_and_submit" time="3.233"/>
  <testcase classname="testCases.TestCases" name="testCase5_go_to_Cart_and_see_that_item_removed" time="0.049"/>
</testsuite> <!-- Default test -->
